    OpenRGB v0.9
    Commit:  from 
    Launched: 20241120_091302
====================================================================================================

1003  |Info:    Saving detector settings
1006  |Info:    ------------------------------------------------------
1006  |Info:    |               Start device detection               |
1006  |Info:    ------------------------------------------------------
1006  |Info:    Initializing HID interfaces: Success
1023  |Info:    ------------------------------------------------------
1023  |Info:    |             Detecting I2C interfaces               |
1023  |Info:    ------------------------------------------------------
1036  |Info:    Registering I2C interface: /dev/i2c-3 Device 10DE:2803 Subsystem: 1458:40F9
1036  |Info:    Registering I2C interface: /dev/i2c-1 Device 10DE:2803 Subsystem: 1458:40F9
1036  |Info:    Registering I2C interface: /dev/i2c-6 Device 8086:7A23 Subsystem: 1458:5001
1036  |Info:    Registering I2C interface: /dev/i2c-4 Device 10DE:2803 Subsystem: 1458:40F9
1036  |Info:    Registering I2C interface: /dev/i2c-11 Device 0000:0000 Subsystem: 0000:0000
1037  |Info:    Registering I2C interface: /dev/i2c-0 Device 10DE:2803 Subsystem: 1458:40F9
1037  |Info:    Registering I2C interface: /dev/i2c-7 Device 0000:0000 Subsystem: 0000:0000
1037  |Info:    Registering I2C interface: /dev/i2c-12 Device 0000:0000 Subsystem: 0000:0000
1037  |Info:    ------------------------------------------------------
1037  |Info:    |               Detecting I2C devices                |
1037  |Info:    ------------------------------------------------------
1327  |Info:    ------------------------------------------------------
1327  |Info:    |               Detecting I2C PCI devices            |
1327  |Info:    ------------------------------------------------------
1328  |Info:    ------------------------------------------------------
1328  |Info:    |               Detecting HID devices                |
1328  |Info:    ------------------------------------------------------
1501  |Info:    [B760M DS3H DDR4] Registering RGB controller
1501  |Info:    ------------------------------------------------------
1501  |Info:    |            Detecting libusb HID devices            |
1501  |Info:    ------------------------------------------------------
1512  |Info:    ------------------------------------------------------
1512  |Info:    |              Detecting other devices               |
1512  |Info:    ------------------------------------------------------
1514  |Info:    ------------------------------------------------------
1514  |Info:    |                Detection completed                 |
1514  |Info:    ------------------------------------------------------
1514  |Dialog:  <h2>WARNING:</h2><p>One or more I2C/SMBus interfaces failed to initialize.</p><p>RGB DRAM modules and some motherboards' onboard RGB lighting will not be available without I2C/SMBus.</p><p>On Linux, this is usually because the i2c-dev module is not loaded.  You must load the i2c-dev module along with the correct i2c driver for your motherboard.  This is usually i2c-piix4 for AMD systems and i2c-i801 for Intel systems.</p><p>See <a href='https://help.openrgb.org/'>help.openrgb.org</a> for additional troubleshooting steps if you keep seeing this message.<br></p>
