    OpenRGB v0.9
    Commit:  from 
    Launched: 20241120_092858
====================================================================================================

0     |Info:    Found file: led.orp attempting to validate header
0     |Info:    Valid v4 profile found for led
1002  |Info:    ------------------------------------------------------
1002  |Info:    |               Start device detection               |
1002  |Info:    ------------------------------------------------------
1003  |Info:    Initializing HID interfaces: Success
1012  |Info:    ------------------------------------------------------
1012  |Info:    |             Detecting I2C interfaces               |
1012  |Info:    ------------------------------------------------------
1012  |Info:    Registering I2C interface: /dev/i2c-3 Device 10DE:2803 Subsystem: 1458:40F9
1012  |Info:    Registering I2C interface: /dev/i2c-10 Device 0000:0000 Subsystem: 0000:0000
1012  |Info:    Registering I2C interface: /dev/i2c-1 Device 10DE:2803 Subsystem: 1458:40F9
1012  |Info:    Registering I2C interface: /dev/i2c-8 Device 0000:0000 Subsystem: 0000:0000
1012  |Info:    Registering I2C interface: /dev/i2c-6 Device 8086:7A23 Subsystem: 1458:5001
1012  |Info:    Registering I2C interface: /dev/i2c-4 Device 10DE:2803 Subsystem: 1458:40F9
1012  |Info:    Registering I2C interface: /dev/i2c-11 Device 0000:0000 Subsystem: 0000:0000
1012  |Info:    Registering I2C interface: /dev/i2c-2 Device 10DE:2803 Subsystem: 1458:40F9
1012  |Info:    Registering I2C interface: /dev/i2c-0 Device 10DE:2803 Subsystem: 1458:40F9
1012  |Info:    Registering I2C interface: /dev/i2c-9 Device 0000:0000 Subsystem: 0000:0000
1012  |Info:    Registering I2C interface: /dev/i2c-7 Device 0000:0000 Subsystem: 0000:0000
1012  |Info:    Registering I2C interface: /dev/i2c-5 Device 10DE:2803 Subsystem: 1458:40F9
1013  |Info:    Registering I2C interface: /dev/i2c-12 Device 0000:0000 Subsystem: 0000:0000
1013  |Info:    ------------------------------------------------------
1013  |Info:    |               Detecting I2C devices                |
1013  |Info:    ------------------------------------------------------
1412  |Info:    ------------------------------------------------------
1412  |Info:    |               Detecting I2C PCI devices            |
1412  |Info:    ------------------------------------------------------
1413  |Info:    ------------------------------------------------------
1413  |Info:    |               Detecting HID devices                |
1413  |Info:    ------------------------------------------------------
1577  |Info:    [B760M DS3H DDR4] Registering RGB controller
1577  |Info:    ------------------------------------------------------
1577  |Info:    |            Detecting libusb HID devices            |
1577  |Info:    ------------------------------------------------------
1585  |Info:    ------------------------------------------------------
1585  |Info:    |              Detecting other devices               |
1585  |Info:    ------------------------------------------------------
1589  |Info:    ------------------------------------------------------
1589  |Info:    |                Detection completed                 |
1589  |Info:    ------------------------------------------------------
5074  |Info:    ------------------------------------------------------
5074  |Info:    |               Start device detection               |
5074  |Info:    ------------------------------------------------------
5074  |Info:    Initializing HID interfaces: Success
5080  |Info:    ------------------------------------------------------
5080  |Info:    |             Detecting I2C interfaces               |
5080  |Info:    ------------------------------------------------------
5080  |Info:    Registering I2C interface: /dev/i2c-3 Device 10DE:2803 Subsystem: 1458:40F9
5080  |Info:    Registering I2C interface: /dev/i2c-10 Device 0000:0000 Subsystem: 0000:0000
5080  |Info:    Registering I2C interface: /dev/i2c-1 Device 10DE:2803 Subsystem: 1458:40F9
5080  |Info:    Registering I2C interface: /dev/i2c-8 Device 0000:0000 Subsystem: 0000:0000
5080  |Info:    Registering I2C interface: /dev/i2c-6 Device 8086:7A23 Subsystem: 1458:5001
5080  |Info:    Registering I2C interface: /dev/i2c-4 Device 10DE:2803 Subsystem: 1458:40F9
5080  |Info:    Registering I2C interface: /dev/i2c-11 Device 0000:0000 Subsystem: 0000:0000
5080  |Info:    Registering I2C interface: /dev/i2c-2 Device 10DE:2803 Subsystem: 1458:40F9
5080  |Info:    Registering I2C interface: /dev/i2c-0 Device 10DE:2803 Subsystem: 1458:40F9
5080  |Info:    Registering I2C interface: /dev/i2c-9 Device 0000:0000 Subsystem: 0000:0000
5080  |Info:    Registering I2C interface: /dev/i2c-7 Device 0000:0000 Subsystem: 0000:0000
5080  |Info:    Registering I2C interface: /dev/i2c-5 Device 10DE:2803 Subsystem: 1458:40F9
5080  |Info:    Registering I2C interface: /dev/i2c-12 Device 0000:0000 Subsystem: 0000:0000
5080  |Info:    ------------------------------------------------------
5080  |Info:    |               Detecting I2C devices                |
5080  |Info:    ------------------------------------------------------
5486  |Info:    ------------------------------------------------------
5486  |Info:    |               Detecting I2C PCI devices            |
5486  |Info:    ------------------------------------------------------
5491  |Info:    ------------------------------------------------------
5491  |Info:    |               Detecting HID devices                |
5491  |Info:    ------------------------------------------------------
5655  |Info:    [B760M DS3H DDR4] Registering RGB controller
5655  |Info:    ------------------------------------------------------
5655  |Info:    |            Detecting libusb HID devices            |
5655  |Info:    ------------------------------------------------------
5660  |Info:    ------------------------------------------------------
5660  |Info:    |              Detecting other devices               |
5660  |Info:    ------------------------------------------------------
5661  |Info:    ------------------------------------------------------
5661  |Info:    |                Detection completed                 |
5661  |Info:    ------------------------------------------------------
