    OpenRGB v0.9
    Commit:  from 
    Launched: 20241120_091418
====================================================================================================

1002  |Info:    ------------------------------------------------------
1002  |Info:    |               Start device detection               |
1002  |Info:    ------------------------------------------------------
1003  |Info:    Initializing HID interfaces: Success
1016  |Info:    ------------------------------------------------------
1016  |Info:    |             Detecting I2C interfaces               |
1016  |Info:    ------------------------------------------------------
1016  |Info:    Registering I2C interface: /dev/i2c-3 Device 10DE:2803 Subsystem: 1458:40F9
1017  |Info:    Registering I2C interface: /dev/i2c-1 Device 10DE:2803 Subsystem: 1458:40F9
1017  |Info:    Registering I2C interface: /dev/i2c-6 Device 8086:7A23 Subsystem: 1458:5001
1017  |Info:    Registering I2C interface: /dev/i2c-4 Device 10DE:2803 Subsystem: 1458:40F9
1017  |Info:    Registering I2C interface: /dev/i2c-11 Device 0000:0000 Subsystem: 0000:0000
1018  |Info:    Registering I2C interface: /dev/i2c-0 Device 10DE:2803 Subsystem: 1458:40F9
1018  |Info:    Registering I2C interface: /dev/i2c-7 Device 0000:0000 Subsystem: 0000:0000
1018  |Info:    Registering I2C interface: /dev/i2c-12 Device 0000:0000 Subsystem: 0000:0000
1018  |Info:    ------------------------------------------------------
1018  |Info:    |               Detecting I2C devices                |
1018  |Info:    ------------------------------------------------------
1304  |Info:    ------------------------------------------------------
1304  |Info:    |               Detecting I2C PCI devices            |
1304  |Info:    ------------------------------------------------------
1306  |Info:    ------------------------------------------------------
1306  |Info:    |               Detecting HID devices                |
1306  |Info:    ------------------------------------------------------
1473  |Info:    [B760M DS3H DDR4] Registering RGB controller
1473  |Info:    ------------------------------------------------------
1473  |Info:    |            Detecting libusb HID devices            |
1473  |Info:    ------------------------------------------------------
1482  |Info:    ------------------------------------------------------
1482  |Info:    |              Detecting other devices               |
1482  |Info:    ------------------------------------------------------
1484  |Info:    ------------------------------------------------------
1484  |Info:    |                Detection completed                 |
1484  |Info:    ------------------------------------------------------
1484  |Dialog:  <h2>WARNING:</h2><p>One or more I2C/SMBus interfaces failed to initialize.</p><p>RGB DRAM modules and some motherboards' onboard RGB lighting will not be available without I2C/SMBus.</p><p>On Linux, this is usually because the i2c-dev module is not loaded.  You must load the i2c-dev module along with the correct i2c driver for your motherboard.  This is usually i2c-piix4 for AMD systems and i2c-i801 for Intel systems.</p><p>See <a href='https://help.openrgb.org/'>help.openrgb.org</a> for additional troubleshooting steps if you keep seeing this message.<br></p>
