    OpenRGB v0.9
    Commit:  from 
    Launched: 20241120_091617
====================================================================================================

1002  |Info:    ------------------------------------------------------
1002  |Info:    |               Start device detection               |
1002  |Info:    ------------------------------------------------------
1003  |Info:    Initializing HID interfaces: Success
1009  |Info:    ------------------------------------------------------
1009  |Info:    |             Detecting I2C interfaces               |
1009  |Info:    ------------------------------------------------------
1009  |Info:    Registering I2C interface: /dev/i2c-3 Device 10DE:2803 Subsystem: 1458:40F9
1009  |Info:    Registering I2C interface: /dev/i2c-10 Device 0000:0000 Subsystem: 0000:0000
1009  |Info:    Registering I2C interface: /dev/i2c-1 Device 10DE:2803 Subsystem: 1458:40F9
1009  |Info:    Registering I2C interface: /dev/i2c-8 Device 0000:0000 Subsystem: 0000:0000
1009  |Info:    Registering I2C interface: /dev/i2c-6 Device 8086:7A23 Subsystem: 1458:5001
1009  |Info:    Registering I2C interface: /dev/i2c-4 Device 10DE:2803 Subsystem: 1458:40F9
1010  |Info:    Registering I2C interface: /dev/i2c-11 Device 0000:0000 Subsystem: 0000:0000
1010  |Info:    Registering I2C interface: /dev/i2c-2 Device 10DE:2803 Subsystem: 1458:40F9
1010  |Info:    Registering I2C interface: /dev/i2c-0 Device 10DE:2803 Subsystem: 1458:40F9
1010  |Info:    Registering I2C interface: /dev/i2c-9 Device 0000:0000 Subsystem: 0000:0000
1010  |Info:    Registering I2C interface: /dev/i2c-7 Device 0000:0000 Subsystem: 0000:0000
1010  |Info:    Registering I2C interface: /dev/i2c-5 Device 10DE:2803 Subsystem: 1458:40F9
1010  |Info:    Registering I2C interface: /dev/i2c-12 Device 0000:0000 Subsystem: 0000:0000
1010  |Info:    ------------------------------------------------------
1010  |Info:    |               Detecting I2C devices                |
1010  |Info:    ------------------------------------------------------
1412  |Info:    ------------------------------------------------------
1412  |Info:    |               Detecting I2C PCI devices            |
1412  |Info:    ------------------------------------------------------
1415  |Info:    ------------------------------------------------------
1415  |Info:    |               Detecting HID devices                |
1415  |Info:    ------------------------------------------------------
1578  |Info:    [B760M DS3H DDR4] Registering RGB controller
1578  |Info:    ------------------------------------------------------
1578  |Info:    |            Detecting libusb HID devices            |
1578  |Info:    ------------------------------------------------------
1588  |Info:    ------------------------------------------------------
1588  |Info:    |              Detecting other devices               |
1588  |Info:    ------------------------------------------------------
1590  |Info:    ------------------------------------------------------
1590  |Info:    |                Detection completed                 |
1590  |Info:    ------------------------------------------------------
9704  |Info:    ------------------------------------------------------
9704  |Info:    |               Start device detection               |
9704  |Info:    ------------------------------------------------------
9705  |Info:    Initializing HID interfaces: Success
9709  |Info:    ------------------------------------------------------
9709  |Info:    |             Detecting I2C interfaces               |
9709  |Info:    ------------------------------------------------------
9709  |Info:    Registering I2C interface: /dev/i2c-3 Device 10DE:2803 Subsystem: 1458:40F9
9709  |Info:    Registering I2C interface: /dev/i2c-10 Device 0000:0000 Subsystem: 0000:0000
9709  |Info:    Registering I2C interface: /dev/i2c-1 Device 10DE:2803 Subsystem: 1458:40F9
9710  |Info:    Registering I2C interface: /dev/i2c-8 Device 0000:0000 Subsystem: 0000:0000
9710  |Info:    Registering I2C interface: /dev/i2c-6 Device 8086:7A23 Subsystem: 1458:5001
9710  |Info:    Registering I2C interface: /dev/i2c-4 Device 10DE:2803 Subsystem: 1458:40F9
9710  |Info:    Registering I2C interface: /dev/i2c-11 Device 0000:0000 Subsystem: 0000:0000
9710  |Info:    Registering I2C interface: /dev/i2c-2 Device 10DE:2803 Subsystem: 1458:40F9
9710  |Info:    Registering I2C interface: /dev/i2c-0 Device 10DE:2803 Subsystem: 1458:40F9
9710  |Info:    Registering I2C interface: /dev/i2c-9 Device 0000:0000 Subsystem: 0000:0000
9710  |Info:    Registering I2C interface: /dev/i2c-7 Device 0000:0000 Subsystem: 0000:0000
9710  |Info:    Registering I2C interface: /dev/i2c-5 Device 10DE:2803 Subsystem: 1458:40F9
9710  |Info:    Registering I2C interface: /dev/i2c-12 Device 0000:0000 Subsystem: 0000:0000
9710  |Info:    ------------------------------------------------------
9710  |Info:    |               Detecting I2C devices                |
9710  |Info:    ------------------------------------------------------
10113 |Info:    ------------------------------------------------------
10113 |Info:    |               Detecting I2C PCI devices            |
10113 |Info:    ------------------------------------------------------
10116 |Info:    ------------------------------------------------------
10116 |Info:    |               Detecting HID devices                |
10116 |Info:    ------------------------------------------------------
10279 |Info:    [B760M DS3H DDR4] Registering RGB controller
10279 |Info:    ------------------------------------------------------
10279 |Info:    |            Detecting libusb HID devices            |
10279 |Info:    ------------------------------------------------------
10283 |Info:    ------------------------------------------------------
10283 |Info:    |              Detecting other devices               |
10283 |Info:    ------------------------------------------------------
10284 |Info:    ------------------------------------------------------
10284 |Info:    |                Detection completed                 |
10284 |Info:    ------------------------------------------------------
